<?xml version="1.0" encoding="UTF-8"?>
<!-- Generated by org.testng.reporters.JUnitReportReporter -->
<testsuite hostname="IBM-PF3486H6" failures="0" tests="3" name="ipg.StaffAug.Test_Home" time="64.142" errors="0" timestamp="2022-06-15T20:52:03 IST" skipped="0">
  <testcase classname="ipg.StaffAug.Test_Home" name="homeNavigation" time="19.983"/>
  <system-out/>
  <testcase classname="ipg.StaffAug.Test_Home" name="homeNavigation" time="19.680"/>
  <system-out/>
  <testcase classname="ipg.StaffAug.Test_Home" name="homeNavigation" time="24.479"/>
  <system-out/>
</testsuite> <!-- ipg.StaffAug.Test_Home -->
