<?xml version="1.0" encoding="UTF-8"?>
<!-- Generated by org.testng.reporters.JUnitReportReporter -->
<testsuite hostname="IBM-PF3486H6" failures="0" tests="1" name="ipg.StaffAug.Test_Home2" time="30.378" errors="0" timestamp="2022-06-15T23:07:01 IST" skipped="0">
  <testcase classname="ipg.StaffAug.Test_Home2" name="homeNavigation" time="30.378"/>
  <system-out/>
</testsuite> <!-- ipg.StaffAug.Test_Home2 -->
