<?xml version="1.0" encoding="UTF-8"?>
<!-- Generated by org.testng.reporters.JUnitReportReporter -->
<testsuite hostname="IBM-PF3486H6" failures="0" tests="1" name="ipg.StaffAug.Test_RediffLogin" time="16.232" errors="0" timestamp="2022-06-30T20:44:17 IST" skipped="0">
  <testcase classname="ipg.StaffAug.Test_RediffLogin" name="rediffFunction" time="16.232"/>
  <system-out/>
</testsuite> <!-- ipg.StaffAug.Test_RediffLogin -->
