<?xml version="1.0" encoding="UTF-8"?>
<!-- Generated by org.testng.reporters.JUnitReportReporter -->
<testsuite hostname="IBM-PF3486H6" failures="0" tests="1" name="ipg.StaffAug.Test_ValidateTitle" time="0.072" errors="0" timestamp="2022-06-23T23:08:38 IST" skipped="0">
  <testcase classname="ipg.StaffAug.Test_ValidateTitle" name="navigateTitle" time="0.072"/>
  <system-out/>
</testsuite> <!-- ipg.StaffAug.Test_ValidateTitle -->
