<?xml version="1.0" encoding="UTF-8"?>
<!-- Generated by org.testng.reporters.JUnitReportReporter -->
<testsuite hostname="IBM-PF3486H6" failures="0" tests="1" name="ipg.StaffAug.Test_ValidateTitle" time="0.033" errors="0" timestamp="2022-06-17T23:04:09 IST" skipped="0">
  <testcase classname="ipg.StaffAug.Test_ValidateTitle" name="homeNavigation" time="0.033"/>
  <system-out/>
</testsuite> <!-- ipg.StaffAug.Test_ValidateTitle -->
